The system is: Linux - 5.15.146.1-microsoft-standard-WSL2 - x86_64
Compiling the C compiler identification source file "CMakeCCompilerId.c" succeeded.
Compiler: /home/kbpoyo/opt/FriendlyARM/toolschain/4.4.3/bin/arm-linux-gcc 
Build flags: ;-O0;-Wall;-fno-pie;-fno-stack-protector;-std=c99
Id flags:  

The output was:
0


Compilation of the C compiler identification source "CMakeCCompilerId.c" produced "a.out"

The C compiler identification is GNU, found in "/home/kbpoyo/code/uC-OS2-s3c2440/build/CMakeFiles/3.22.1/CompilerIdC/a.out"

Detecting C compiler ABI info compiled with the following output:
Change Dir: /home/kbpoyo/code/uC-OS2-s3c2440/build/CMakeFiles/CMakeTmp

Run Build Command(s):/usr/bin/gmake -f Makefile cmTC_f9d83/fast && /usr/bin/gmake  -f CMakeFiles/cmTC_f9d83.dir/build.make CMakeFiles/cmTC_f9d83.dir/build
gmake[1]: Entering directory '/home/kbpoyo/code/uC-OS2-s3c2440/build/CMakeFiles/CMakeTmp'
Building C object CMakeFiles/cmTC_f9d83.dir/CMakeCCompilerABI.c.o
/home/kbpoyo/opt/FriendlyARM/toolschain/4.4.3/bin/arm-linux-gcc   -O0 -Wall -fno-pie -fno-stack-protector -std=c99    -v -o CMakeFiles/cmTC_f9d83.dir/CMakeCCompilerABI.c.o -c /usr/share/cmake-3.22/Modules/CMakeCCompilerABI.c
Using built-in specs.
Target: arm-none-linux-gnueabi
Configured with: /opt/FriendlyARM/mini2440/build-toolschain/working/src/gcc-4.4.3/configure --build=i386-build_redhat-linux-gnu --host=i386-build_redhat-linux-gnu --target=arm-none-linux-gnueabi --prefix=/opt/FriendlyARM/toolschain/4.4.3 --with-sysroot=/opt/FriendlyARM/toolschain/4.4.3/arm-none-linux-gnueabi//sys-root --enable-languages=c,c++ --disable-multilib --with-arch=armv4t --with-cpu=arm920t --with-tune=arm920t --with-float=soft --with-pkgversion=ctng-1.6.1 --disable-sjlj-exceptions --enable-__cxa_atexit --with-gmp=/opt/FriendlyARM/toolschain/4.4.3 --with-mpfr=/opt/FriendlyARM/toolschain/4.4.3 --with-ppl=/opt/FriendlyARM/toolschain/4.4.3 --with-cloog=/opt/FriendlyARM/toolschain/4.4.3 --with-mpc=/opt/FriendlyARM/toolschain/4.4.3 --with-local-prefix=/opt/FriendlyARM/toolschain/4.4.3/arm-none-linux-gnueabi//sys-root --disable-nls --enable-threads=posix --enable-symvers=gnu --enable-c99 --enable-long-long --enable-target-optspace
Thread model: posix
gcc version 4.4.3 (ctng-1.6.1) 
COLLECT_GCC_OPTIONS='-O0' '-Wall' '-fno-pie' '-fno-stack-protector' '-std=c99' '-v' '-o' 'CMakeFiles/cmTC_f9d83.dir/CMakeCCompilerABI.c.o' '-c' '-march=armv4t' '-mtune=arm920t' '-mfloat-abi=soft'
 /home/kbpoyo/opt/FriendlyARM/toolschain/4.4.3/bin/../libexec/gcc/arm-none-linux-gnueabi/4.4.3/cc1 -quiet -v -iprefix /home/kbpoyo/opt/FriendlyARM/toolschain/4.4.3/bin/../lib/gcc/arm-none-linux-gnueabi/4.4.3/ -isysroot /home/kbpoyo/opt/FriendlyARM/toolschain/4.4.3/bin/../arm-none-linux-gnueabi//sys-root /usr/share/cmake-3.22/Modules/CMakeCCompilerABI.c -quiet -dumpbase CMakeCCompilerABI.c -march=armv4t -mtune=arm920t -mfloat-abi=soft -auxbase-strip CMakeFiles/cmTC_f9d83.dir/CMakeCCompilerABI.c.o -O0 -Wall -std=c99 -version -fno-pie -fno-stack-protector -o /tmp/cchsBIvq.s
ignoring nonexistent directory "/home/kbpoyo/opt/FriendlyARM/toolschain/4.4.3/bin/../arm-none-linux-gnueabi//sys-root/opt/FriendlyARM/toolschain/4.4.3/arm-none-linux-gnueabi//sys-root/include"
ignoring duplicate directory "/home/kbpoyo/opt/FriendlyARM/toolschain/4.4.3/bin/../lib/gcc/../../lib/gcc/arm-none-linux-gnueabi/4.4.3/include"
ignoring duplicate directory "/home/kbpoyo/opt/FriendlyARM/toolschain/4.4.3/bin/../lib/gcc/../../lib/gcc/arm-none-linux-gnueabi/4.4.3/include-fixed"
ignoring duplicate directory "/home/kbpoyo/opt/FriendlyARM/toolschain/4.4.3/bin/../lib/gcc/../../lib/gcc/arm-none-linux-gnueabi/4.4.3/../../../../arm-none-linux-gnueabi/include"
#include "..." search starts here:
#include <...> search starts here:
 /home/kbpoyo/opt/FriendlyARM/toolschain/4.4.3/bin/../lib/gcc/arm-none-linux-gnueabi/4.4.3/include
 /home/kbpoyo/opt/FriendlyARM/toolschain/4.4.3/bin/../lib/gcc/arm-none-linux-gnueabi/4.4.3/include-fixed
 /home/kbpoyo/opt/FriendlyARM/toolschain/4.4.3/bin/../lib/gcc/arm-none-linux-gnueabi/4.4.3/../../../../arm-none-linux-gnueabi/include
 /home/kbpoyo/opt/FriendlyARM/toolschain/4.4.3/bin/../arm-none-linux-gnueabi//sys-root/usr/include
End of search list.
GNU C (ctng-1.6.1) version 4.4.3 (arm-none-linux-gnueabi)
	compiled by GNU C version 4.3.0 20080428 (Red Hat 4.3.0-8), GMP version 4.3.1, MPFR version 2.4.2-p2.
GGC heuristics: --param ggc-min-expand=100 --param ggc-min-heapsize=131072
Compiler executable checksum: cd60c209f399d02b2e94fe81b4cfa8ba
COLLECT_GCC_OPTIONS='-O0' '-Wall' '-fno-pie' '-fno-stack-protector' '-std=c99' '-v' '-o' 'CMakeFiles/cmTC_f9d83.dir/CMakeCCompilerABI.c.o' '-c' '-march=armv4t' '-mtune=arm920t' '-mfloat-abi=soft'
 /home/kbpoyo/opt/FriendlyARM/toolschain/4.4.3/bin/../lib/gcc/arm-none-linux-gnueabi/4.4.3/../../../../arm-none-linux-gnueabi/bin/as -march=armv4t -mfloat-abi=soft -meabi=5 -o CMakeFiles/cmTC_f9d83.dir/CMakeCCompilerABI.c.o /tmp/cchsBIvq.s
COMPILER_PATH=/home/kbpoyo/opt/FriendlyARM/toolschain/4.4.3/bin/../libexec/gcc/arm-none-linux-gnueabi/4.4.3/:/home/kbpoyo/opt/FriendlyARM/toolschain/4.4.3/bin/../libexec/gcc/:/home/kbpoyo/opt/FriendlyARM/toolschain/4.4.3/bin/../lib/gcc/arm-none-linux-gnueabi/4.4.3/../../../../arm-none-linux-gnueabi/bin/
LIBRARY_PATH=/home/kbpoyo/opt/FriendlyARM/toolschain/4.4.3/bin/../lib/gcc/arm-none-linux-gnueabi/4.4.3/:/home/kbpoyo/opt/FriendlyARM/toolschain/4.4.3/bin/../lib/gcc/:/home/kbpoyo/opt/FriendlyARM/toolschain/4.4.3/bin/../lib/gcc/arm-none-linux-gnueabi/4.4.3/../../../../arm-none-linux-gnueabi/lib/:/home/kbpoyo/opt/FriendlyARM/toolschain/4.4.3/bin/../arm-none-linux-gnueabi//sys-root/lib/:/home/kbpoyo/opt/FriendlyARM/toolschain/4.4.3/bin/../arm-none-linux-gnueabi//sys-root/usr/lib/
COLLECT_GCC_OPTIONS='-O0' '-Wall' '-fno-pie' '-fno-stack-protector' '-std=c99' '-v' '-o' 'CMakeFiles/cmTC_f9d83.dir/CMakeCCompilerABI.c.o' '-c' '-march=armv4t' '-mtune=arm920t' '-mfloat-abi=soft'
Linking C executable cmTC_f9d83
/usr/bin/cmake -E cmake_link_script CMakeFiles/cmTC_f9d83.dir/link.txt --verbose=1
/home/kbpoyo/opt/FriendlyARM/toolschain/4.4.3/bin/arm-linux-gcc  -O0 -Wall -fno-pie -fno-stack-protector -std=c99   -v -rdynamic CMakeFiles/cmTC_f9d83.dir/CMakeCCompilerABI.c.o -o cmTC_f9d83 
Using built-in specs.
Target: arm-none-linux-gnueabi
Configured with: /opt/FriendlyARM/mini2440/build-toolschain/working/src/gcc-4.4.3/configure --build=i386-build_redhat-linux-gnu --host=i386-build_redhat-linux-gnu --target=arm-none-linux-gnueabi --prefix=/opt/FriendlyARM/toolschain/4.4.3 --with-sysroot=/opt/FriendlyARM/toolschain/4.4.3/arm-none-linux-gnueabi//sys-root --enable-languages=c,c++ --disable-multilib --with-arch=armv4t --with-cpu=arm920t --with-tune=arm920t --with-float=soft --with-pkgversion=ctng-1.6.1 --disable-sjlj-exceptions --enable-__cxa_atexit --with-gmp=/opt/FriendlyARM/toolschain/4.4.3 --with-mpfr=/opt/FriendlyARM/toolschain/4.4.3 --with-ppl=/opt/FriendlyARM/toolschain/4.4.3 --with-cloog=/opt/FriendlyARM/toolschain/4.4.3 --with-mpc=/opt/FriendlyARM/toolschain/4.4.3 --with-local-prefix=/opt/FriendlyARM/toolschain/4.4.3/arm-none-linux-gnueabi//sys-root --disable-nls --enable-threads=posix --enable-symvers=gnu --enable-c99 --enable-long-long --enable-target-optspace
Thread model: posix
gcc version 4.4.3 (ctng-1.6.1) 
COMPILER_PATH=/home/kbpoyo/opt/FriendlyARM/toolschain/4.4.3/bin/../libexec/gcc/arm-none-linux-gnueabi/4.4.3/:/home/kbpoyo/opt/FriendlyARM/toolschain/4.4.3/bin/../libexec/gcc/:/home/kbpoyo/opt/FriendlyARM/toolschain/4.4.3/bin/../lib/gcc/arm-none-linux-gnueabi/4.4.3/../../../../arm-none-linux-gnueabi/bin/
LIBRARY_PATH=/home/kbpoyo/opt/FriendlyARM/toolschain/4.4.3/bin/../lib/gcc/arm-none-linux-gnueabi/4.4.3/:/home/kbpoyo/opt/FriendlyARM/toolschain/4.4.3/bin/../lib/gcc/:/home/kbpoyo/opt/FriendlyARM/toolschain/4.4.3/bin/../lib/gcc/arm-none-linux-gnueabi/4.4.3/../../../../arm-none-linux-gnueabi/lib/:/home/kbpoyo/opt/FriendlyARM/toolschain/4.4.3/bin/../arm-none-linux-gnueabi//sys-root/lib/:/home/kbpoyo/opt/FriendlyARM/toolschain/4.4.3/bin/../arm-none-linux-gnueabi//sys-root/usr/lib/
COLLECT_GCC_OPTIONS='-O0' '-Wall' '-fno-pie' '-fno-stack-protector' '-std=c99' '-v' '-rdynamic' '-o' 'cmTC_f9d83' '-march=armv4t' '-mtune=arm920t' '-mfloat-abi=soft'
 /home/kbpoyo/opt/FriendlyARM/toolschain/4.4.3/bin/../libexec/gcc/arm-none-linux-gnueabi/4.4.3/collect2 --sysroot=/home/kbpoyo/opt/FriendlyARM/toolschain/4.4.3/bin/../arm-none-linux-gnueabi//sys-root --eh-frame-hdr -export-dynamic -dynamic-linker /lib/ld-linux.so.3 -X -m armelf_linux_eabi -o cmTC_f9d83 /home/kbpoyo/opt/FriendlyARM/toolschain/4.4.3/bin/../arm-none-linux-gnueabi//sys-root/usr/lib/crt1.o /home/kbpoyo/opt/FriendlyARM/toolschain/4.4.3/bin/../arm-none-linux-gnueabi//sys-root/usr/lib/crti.o /home/kbpoyo/opt/FriendlyARM/toolschain/4.4.3/bin/../lib/gcc/arm-none-linux-gnueabi/4.4.3/crtbegin.o -L/home/kbpoyo/opt/FriendlyARM/toolschain/4.4.3/bin/../lib/gcc/arm-none-linux-gnueabi/4.4.3 -L/home/kbpoyo/opt/FriendlyARM/toolschain/4.4.3/bin/../lib/gcc -L/home/kbpoyo/opt/FriendlyARM/toolschain/4.4.3/bin/../lib/gcc/arm-none-linux-gnueabi/4.4.3/../../../../arm-none-linux-gnueabi/lib -L/home/kbpoyo/opt/FriendlyARM/toolschain/4.4.3/bin/../arm-none-linux-gnueabi//sys-root/lib -L/home/kbpoyo/opt/FriendlyARM/toolschain/4.4.3/bin/../arm-none-linux-gnueabi//sys-root/usr/lib CMakeFiles/cmTC_f9d83.dir/CMakeCCompilerABI.c.o -lgcc --as-needed -lgcc_s --no-as-needed -lc -lgcc --as-needed -lgcc_s --no-as-needed /home/kbpoyo/opt/FriendlyARM/toolschain/4.4.3/bin/../lib/gcc/arm-none-linux-gnueabi/4.4.3/crtend.o /home/kbpoyo/opt/FriendlyARM/toolschain/4.4.3/bin/../arm-none-linux-gnueabi//sys-root/usr/lib/crtn.o
gmake[1]: Leaving directory '/home/kbpoyo/code/uC-OS2-s3c2440/build/CMakeFiles/CMakeTmp'



Parsed C implicit include dir info from above output: rv=done
  found start of include info
  found start of implicit include info
    add: [/home/kbpoyo/opt/FriendlyARM/toolschain/4.4.3/bin/../lib/gcc/arm-none-linux-gnueabi/4.4.3/include]
    add: [/home/kbpoyo/opt/FriendlyARM/toolschain/4.4.3/bin/../lib/gcc/arm-none-linux-gnueabi/4.4.3/include-fixed]
    add: [/home/kbpoyo/opt/FriendlyARM/toolschain/4.4.3/bin/../lib/gcc/arm-none-linux-gnueabi/4.4.3/../../../../arm-none-linux-gnueabi/include]
    add: [/home/kbpoyo/opt/FriendlyARM/toolschain/4.4.3/bin/../arm-none-linux-gnueabi//sys-root/usr/include]
  end of search list found
  collapse include dir [/home/kbpoyo/opt/FriendlyARM/toolschain/4.4.3/bin/../lib/gcc/arm-none-linux-gnueabi/4.4.3/include] ==> [/home/kbpoyo/opt/FriendlyARM/toolschain/4.4.3/lib/gcc/arm-none-linux-gnueabi/4.4.3/include]
  collapse include dir [/home/kbpoyo/opt/FriendlyARM/toolschain/4.4.3/bin/../lib/gcc/arm-none-linux-gnueabi/4.4.3/include-fixed] ==> [/home/kbpoyo/opt/FriendlyARM/toolschain/4.4.3/lib/gcc/arm-none-linux-gnueabi/4.4.3/include-fixed]
  collapse include dir [/home/kbpoyo/opt/FriendlyARM/toolschain/4.4.3/bin/../lib/gcc/arm-none-linux-gnueabi/4.4.3/../../../../arm-none-linux-gnueabi/include] ==> [/home/kbpoyo/opt/FriendlyARM/toolschain/4.4.3/arm-none-linux-gnueabi/include]
  collapse include dir [/home/kbpoyo/opt/FriendlyARM/toolschain/4.4.3/bin/../arm-none-linux-gnueabi//sys-root/usr/include] ==> [/home/kbpoyo/opt/FriendlyARM/toolschain/4.4.3/arm-none-linux-gnueabi/sys-root/usr/include]
  implicit include dirs: [/home/kbpoyo/opt/FriendlyARM/toolschain/4.4.3/lib/gcc/arm-none-linux-gnueabi/4.4.3/include;/home/kbpoyo/opt/FriendlyARM/toolschain/4.4.3/lib/gcc/arm-none-linux-gnueabi/4.4.3/include-fixed;/home/kbpoyo/opt/FriendlyARM/toolschain/4.4.3/arm-none-linux-gnueabi/include;/home/kbpoyo/opt/FriendlyARM/toolschain/4.4.3/arm-none-linux-gnueabi/sys-root/usr/include]


Parsed C implicit link information from above output:
  link line regex: [^( *|.*[/\])(arm-linux-ld|CMAKE_LINK_STARTFILE-NOTFOUND|([^/\]+-)?ld|collect2)[^/\]*( |$)]
  ignore line: [Change Dir: /home/kbpoyo/code/uC-OS2-s3c2440/build/CMakeFiles/CMakeTmp]
  ignore line: []
  ignore line: [Run Build Command(s):/usr/bin/gmake -f Makefile cmTC_f9d83/fast && /usr/bin/gmake  -f CMakeFiles/cmTC_f9d83.dir/build.make CMakeFiles/cmTC_f9d83.dir/build]
  ignore line: [gmake[1]: Entering directory '/home/kbpoyo/code/uC-OS2-s3c2440/build/CMakeFiles/CMakeTmp']
  ignore line: [Building C object CMakeFiles/cmTC_f9d83.dir/CMakeCCompilerABI.c.o]
  ignore line: [/home/kbpoyo/opt/FriendlyARM/toolschain/4.4.3/bin/arm-linux-gcc   -O0 -Wall -fno-pie -fno-stack-protector -std=c99    -v -o CMakeFiles/cmTC_f9d83.dir/CMakeCCompilerABI.c.o -c /usr/share/cmake-3.22/Modules/CMakeCCompilerABI.c]
  ignore line: [Using built-in specs.]
  ignore line: [Target: arm-none-linux-gnueabi]
  ignore line: [Configured with: /opt/FriendlyARM/mini2440/build-toolschain/working/src/gcc-4.4.3/configure --build=i386-build_redhat-linux-gnu --host=i386-build_redhat-linux-gnu --target=arm-none-linux-gnueabi --prefix=/opt/FriendlyARM/toolschain/4.4.3 --with-sysroot=/opt/FriendlyARM/toolschain/4.4.3/arm-none-linux-gnueabi//sys-root --enable-languages=c c++ --disable-multilib --with-arch=armv4t --with-cpu=arm920t --with-tune=arm920t --with-float=soft --with-pkgversion=ctng-1.6.1 --disable-sjlj-exceptions --enable-__cxa_atexit --with-gmp=/opt/FriendlyARM/toolschain/4.4.3 --with-mpfr=/opt/FriendlyARM/toolschain/4.4.3 --with-ppl=/opt/FriendlyARM/toolschain/4.4.3 --with-cloog=/opt/FriendlyARM/toolschain/4.4.3 --with-mpc=/opt/FriendlyARM/toolschain/4.4.3 --with-local-prefix=/opt/FriendlyARM/toolschain/4.4.3/arm-none-linux-gnueabi//sys-root --disable-nls --enable-threads=posix --enable-symvers=gnu --enable-c99 --enable-long-long --enable-target-optspace]
  ignore line: [Thread model: posix]
  ignore line: [gcc version 4.4.3 (ctng-1.6.1) ]
  ignore line: [COLLECT_GCC_OPTIONS='-O0' '-Wall' '-fno-pie' '-fno-stack-protector' '-std=c99' '-v' '-o' 'CMakeFiles/cmTC_f9d83.dir/CMakeCCompilerABI.c.o' '-c' '-march=armv4t' '-mtune=arm920t' '-mfloat-abi=soft']
  ignore line: [ /home/kbpoyo/opt/FriendlyARM/toolschain/4.4.3/bin/../libexec/gcc/arm-none-linux-gnueabi/4.4.3/cc1 -quiet -v -iprefix /home/kbpoyo/opt/FriendlyARM/toolschain/4.4.3/bin/../lib/gcc/arm-none-linux-gnueabi/4.4.3/ -isysroot /home/kbpoyo/opt/FriendlyARM/toolschain/4.4.3/bin/../arm-none-linux-gnueabi//sys-root /usr/share/cmake-3.22/Modules/CMakeCCompilerABI.c -quiet -dumpbase CMakeCCompilerABI.c -march=armv4t -mtune=arm920t -mfloat-abi=soft -auxbase-strip CMakeFiles/cmTC_f9d83.dir/CMakeCCompilerABI.c.o -O0 -Wall -std=c99 -version -fno-pie -fno-stack-protector -o /tmp/cchsBIvq.s]
  ignore line: [ignoring nonexistent directory "/home/kbpoyo/opt/FriendlyARM/toolschain/4.4.3/bin/../arm-none-linux-gnueabi//sys-root/opt/FriendlyARM/toolschain/4.4.3/arm-none-linux-gnueabi//sys-root/include"]
  ignore line: [ignoring duplicate directory "/home/kbpoyo/opt/FriendlyARM/toolschain/4.4.3/bin/../lib/gcc/../../lib/gcc/arm-none-linux-gnueabi/4.4.3/include"]
  ignore line: [ignoring duplicate directory "/home/kbpoyo/opt/FriendlyARM/toolschain/4.4.3/bin/../lib/gcc/../../lib/gcc/arm-none-linux-gnueabi/4.4.3/include-fixed"]
  ignore line: [ignoring duplicate directory "/home/kbpoyo/opt/FriendlyARM/toolschain/4.4.3/bin/../lib/gcc/../../lib/gcc/arm-none-linux-gnueabi/4.4.3/../../../../arm-none-linux-gnueabi/include"]
  ignore line: [#include "..." search starts here:]
  ignore line: [#include <...> search starts here:]
  ignore line: [ /home/kbpoyo/opt/FriendlyARM/toolschain/4.4.3/bin/../lib/gcc/arm-none-linux-gnueabi/4.4.3/include]
  ignore line: [ /home/kbpoyo/opt/FriendlyARM/toolschain/4.4.3/bin/../lib/gcc/arm-none-linux-gnueabi/4.4.3/include-fixed]
  ignore line: [ /home/kbpoyo/opt/FriendlyARM/toolschain/4.4.3/bin/../lib/gcc/arm-none-linux-gnueabi/4.4.3/../../../../arm-none-linux-gnueabi/include]
  ignore line: [ /home/kbpoyo/opt/FriendlyARM/toolschain/4.4.3/bin/../arm-none-linux-gnueabi//sys-root/usr/include]
  ignore line: [End of search list.]
  ignore line: [GNU C (ctng-1.6.1) version 4.4.3 (arm-none-linux-gnueabi)]
  ignore line: [	compiled by GNU C version 4.3.0 20080428 (Red Hat 4.3.0-8)  GMP version 4.3.1  MPFR version 2.4.2-p2.]
  ignore line: [GGC heuristics: --param ggc-min-expand=100 --param ggc-min-heapsize=131072]
  ignore line: [Compiler executable checksum: cd60c209f399d02b2e94fe81b4cfa8ba]
  ignore line: [COLLECT_GCC_OPTIONS='-O0' '-Wall' '-fno-pie' '-fno-stack-protector' '-std=c99' '-v' '-o' 'CMakeFiles/cmTC_f9d83.dir/CMakeCCompilerABI.c.o' '-c' '-march=armv4t' '-mtune=arm920t' '-mfloat-abi=soft']
  ignore line: [ /home/kbpoyo/opt/FriendlyARM/toolschain/4.4.3/bin/../lib/gcc/arm-none-linux-gnueabi/4.4.3/../../../../arm-none-linux-gnueabi/bin/as -march=armv4t -mfloat-abi=soft -meabi=5 -o CMakeFiles/cmTC_f9d83.dir/CMakeCCompilerABI.c.o /tmp/cchsBIvq.s]
  ignore line: [COMPILER_PATH=/home/kbpoyo/opt/FriendlyARM/toolschain/4.4.3/bin/../libexec/gcc/arm-none-linux-gnueabi/4.4.3/:/home/kbpoyo/opt/FriendlyARM/toolschain/4.4.3/bin/../libexec/gcc/:/home/kbpoyo/opt/FriendlyARM/toolschain/4.4.3/bin/../lib/gcc/arm-none-linux-gnueabi/4.4.3/../../../../arm-none-linux-gnueabi/bin/]
  ignore line: [LIBRARY_PATH=/home/kbpoyo/opt/FriendlyARM/toolschain/4.4.3/bin/../lib/gcc/arm-none-linux-gnueabi/4.4.3/:/home/kbpoyo/opt/FriendlyARM/toolschain/4.4.3/bin/../lib/gcc/:/home/kbpoyo/opt/FriendlyARM/toolschain/4.4.3/bin/../lib/gcc/arm-none-linux-gnueabi/4.4.3/../../../../arm-none-linux-gnueabi/lib/:/home/kbpoyo/opt/FriendlyARM/toolschain/4.4.3/bin/../arm-none-linux-gnueabi//sys-root/lib/:/home/kbpoyo/opt/FriendlyARM/toolschain/4.4.3/bin/../arm-none-linux-gnueabi//sys-root/usr/lib/]
  ignore line: [COLLECT_GCC_OPTIONS='-O0' '-Wall' '-fno-pie' '-fno-stack-protector' '-std=c99' '-v' '-o' 'CMakeFiles/cmTC_f9d83.dir/CMakeCCompilerABI.c.o' '-c' '-march=armv4t' '-mtune=arm920t' '-mfloat-abi=soft']
  ignore line: [Linking C executable cmTC_f9d83]
  ignore line: [/usr/bin/cmake -E cmake_link_script CMakeFiles/cmTC_f9d83.dir/link.txt --verbose=1]
  ignore line: [/home/kbpoyo/opt/FriendlyARM/toolschain/4.4.3/bin/arm-linux-gcc  -O0 -Wall -fno-pie -fno-stack-protector -std=c99   -v -rdynamic CMakeFiles/cmTC_f9d83.dir/CMakeCCompilerABI.c.o -o cmTC_f9d83 ]
  ignore line: [Using built-in specs.]
  ignore line: [Target: arm-none-linux-gnueabi]
  ignore line: [Configured with: /opt/FriendlyARM/mini2440/build-toolschain/working/src/gcc-4.4.3/configure --build=i386-build_redhat-linux-gnu --host=i386-build_redhat-linux-gnu --target=arm-none-linux-gnueabi --prefix=/opt/FriendlyARM/toolschain/4.4.3 --with-sysroot=/opt/FriendlyARM/toolschain/4.4.3/arm-none-linux-gnueabi//sys-root --enable-languages=c c++ --disable-multilib --with-arch=armv4t --with-cpu=arm920t --with-tune=arm920t --with-float=soft --with-pkgversion=ctng-1.6.1 --disable-sjlj-exceptions --enable-__cxa_atexit --with-gmp=/opt/FriendlyARM/toolschain/4.4.3 --with-mpfr=/opt/FriendlyARM/toolschain/4.4.3 --with-ppl=/opt/FriendlyARM/toolschain/4.4.3 --with-cloog=/opt/FriendlyARM/toolschain/4.4.3 --with-mpc=/opt/FriendlyARM/toolschain/4.4.3 --with-local-prefix=/opt/FriendlyARM/toolschain/4.4.3/arm-none-linux-gnueabi//sys-root --disable-nls --enable-threads=posix --enable-symvers=gnu --enable-c99 --enable-long-long --enable-target-optspace]
  ignore line: [Thread model: posix]
  ignore line: [gcc version 4.4.3 (ctng-1.6.1) ]
  ignore line: [COMPILER_PATH=/home/kbpoyo/opt/FriendlyARM/toolschain/4.4.3/bin/../libexec/gcc/arm-none-linux-gnueabi/4.4.3/:/home/kbpoyo/opt/FriendlyARM/toolschain/4.4.3/bin/../libexec/gcc/:/home/kbpoyo/opt/FriendlyARM/toolschain/4.4.3/bin/../lib/gcc/arm-none-linux-gnueabi/4.4.3/../../../../arm-none-linux-gnueabi/bin/]
  ignore line: [LIBRARY_PATH=/home/kbpoyo/opt/FriendlyARM/toolschain/4.4.3/bin/../lib/gcc/arm-none-linux-gnueabi/4.4.3/:/home/kbpoyo/opt/FriendlyARM/toolschain/4.4.3/bin/../lib/gcc/:/home/kbpoyo/opt/FriendlyARM/toolschain/4.4.3/bin/../lib/gcc/arm-none-linux-gnueabi/4.4.3/../../../../arm-none-linux-gnueabi/lib/:/home/kbpoyo/opt/FriendlyARM/toolschain/4.4.3/bin/../arm-none-linux-gnueabi//sys-root/lib/:/home/kbpoyo/opt/FriendlyARM/toolschain/4.4.3/bin/../arm-none-linux-gnueabi//sys-root/usr/lib/]
  ignore line: [COLLECT_GCC_OPTIONS='-O0' '-Wall' '-fno-pie' '-fno-stack-protector' '-std=c99' '-v' '-rdynamic' '-o' 'cmTC_f9d83' '-march=armv4t' '-mtune=arm920t' '-mfloat-abi=soft']
  link line: [ /home/kbpoyo/opt/FriendlyARM/toolschain/4.4.3/bin/../libexec/gcc/arm-none-linux-gnueabi/4.4.3/collect2 --sysroot=/home/kbpoyo/opt/FriendlyARM/toolschain/4.4.3/bin/../arm-none-linux-gnueabi//sys-root --eh-frame-hdr -export-dynamic -dynamic-linker /lib/ld-linux.so.3 -X -m armelf_linux_eabi -o cmTC_f9d83 /home/kbpoyo/opt/FriendlyARM/toolschain/4.4.3/bin/../arm-none-linux-gnueabi//sys-root/usr/lib/crt1.o /home/kbpoyo/opt/FriendlyARM/toolschain/4.4.3/bin/../arm-none-linux-gnueabi//sys-root/usr/lib/crti.o /home/kbpoyo/opt/FriendlyARM/toolschain/4.4.3/bin/../lib/gcc/arm-none-linux-gnueabi/4.4.3/crtbegin.o -L/home/kbpoyo/opt/FriendlyARM/toolschain/4.4.3/bin/../lib/gcc/arm-none-linux-gnueabi/4.4.3 -L/home/kbpoyo/opt/FriendlyARM/toolschain/4.4.3/bin/../lib/gcc -L/home/kbpoyo/opt/FriendlyARM/toolschain/4.4.3/bin/../lib/gcc/arm-none-linux-gnueabi/4.4.3/../../../../arm-none-linux-gnueabi/lib -L/home/kbpoyo/opt/FriendlyARM/toolschain/4.4.3/bin/../arm-none-linux-gnueabi//sys-root/lib -L/home/kbpoyo/opt/FriendlyARM/toolschain/4.4.3/bin/../arm-none-linux-gnueabi//sys-root/usr/lib CMakeFiles/cmTC_f9d83.dir/CMakeCCompilerABI.c.o -lgcc --as-needed -lgcc_s --no-as-needed -lc -lgcc --as-needed -lgcc_s --no-as-needed /home/kbpoyo/opt/FriendlyARM/toolschain/4.4.3/bin/../lib/gcc/arm-none-linux-gnueabi/4.4.3/crtend.o /home/kbpoyo/opt/FriendlyARM/toolschain/4.4.3/bin/../arm-none-linux-gnueabi//sys-root/usr/lib/crtn.o]
    arg [/home/kbpoyo/opt/FriendlyARM/toolschain/4.4.3/bin/../libexec/gcc/arm-none-linux-gnueabi/4.4.3/collect2] ==> ignore
    arg [--sysroot=/home/kbpoyo/opt/FriendlyARM/toolschain/4.4.3/bin/../arm-none-linux-gnueabi//sys-root] ==> ignore
    arg [--eh-frame-hdr] ==> ignore
    arg [-export-dynamic] ==> ignore
    arg [-dynamic-linker] ==> ignore
    arg [/lib/ld-linux.so.3] ==> ignore
    arg [-X] ==> ignore
    arg [-m] ==> ignore
    arg [armelf_linux_eabi] ==> ignore
    arg [-o] ==> ignore
    arg [cmTC_f9d83] ==> ignore
    arg [/home/kbpoyo/opt/FriendlyARM/toolschain/4.4.3/bin/../arm-none-linux-gnueabi//sys-root/usr/lib/crt1.o] ==> obj [/home/kbpoyo/opt/FriendlyARM/toolschain/4.4.3/bin/../arm-none-linux-gnueabi//sys-root/usr/lib/crt1.o]
    arg [/home/kbpoyo/opt/FriendlyARM/toolschain/4.4.3/bin/../arm-none-linux-gnueabi//sys-root/usr/lib/crti.o] ==> obj [/home/kbpoyo/opt/FriendlyARM/toolschain/4.4.3/bin/../arm-none-linux-gnueabi//sys-root/usr/lib/crti.o]
    arg [/home/kbpoyo/opt/FriendlyARM/toolschain/4.4.3/bin/../lib/gcc/arm-none-linux-gnueabi/4.4.3/crtbegin.o] ==> obj [/home/kbpoyo/opt/FriendlyARM/toolschain/4.4.3/bin/../lib/gcc/arm-none-linux-gnueabi/4.4.3/crtbegin.o]
    arg [-L/home/kbpoyo/opt/FriendlyARM/toolschain/4.4.3/bin/../lib/gcc/arm-none-linux-gnueabi/4.4.3] ==> dir [/home/kbpoyo/opt/FriendlyARM/toolschain/4.4.3/bin/../lib/gcc/arm-none-linux-gnueabi/4.4.3]
    arg [-L/home/kbpoyo/opt/FriendlyARM/toolschain/4.4.3/bin/../lib/gcc] ==> dir [/home/kbpoyo/opt/FriendlyARM/toolschain/4.4.3/bin/../lib/gcc]
    arg [-L/home/kbpoyo/opt/FriendlyARM/toolschain/4.4.3/bin/../lib/gcc/arm-none-linux-gnueabi/4.4.3/../../../../arm-none-linux-gnueabi/lib] ==> dir [/home/kbpoyo/opt/FriendlyARM/toolschain/4.4.3/bin/../lib/gcc/arm-none-linux-gnueabi/4.4.3/../../../../arm-none-linux-gnueabi/lib]
    arg [-L/home/kbpoyo/opt/FriendlyARM/toolschain/4.4.3/bin/../arm-none-linux-gnueabi//sys-root/lib] ==> dir [/home/kbpoyo/opt/FriendlyARM/toolschain/4.4.3/bin/../arm-none-linux-gnueabi//sys-root/lib]
    arg [-L/home/kbpoyo/opt/FriendlyARM/toolschain/4.4.3/bin/../arm-none-linux-gnueabi//sys-root/usr/lib] ==> dir [/home/kbpoyo/opt/FriendlyARM/toolschain/4.4.3/bin/../arm-none-linux-gnueabi//sys-root/usr/lib]
    arg [CMakeFiles/cmTC_f9d83.dir/CMakeCCompilerABI.c.o] ==> ignore
    arg [-lgcc] ==> lib [gcc]
    arg [--as-needed] ==> ignore
    arg [-lgcc_s] ==> lib [gcc_s]
    arg [--no-as-needed] ==> ignore
    arg [-lc] ==> lib [c]
    arg [-lgcc] ==> lib [gcc]
    arg [--as-needed] ==> ignore
    arg [-lgcc_s] ==> lib [gcc_s]
    arg [--no-as-needed] ==> ignore
    arg [/home/kbpoyo/opt/FriendlyARM/toolschain/4.4.3/bin/../lib/gcc/arm-none-linux-gnueabi/4.4.3/crtend.o] ==> obj [/home/kbpoyo/opt/FriendlyARM/toolschain/4.4.3/bin/../lib/gcc/arm-none-linux-gnueabi/4.4.3/crtend.o]
    arg [/home/kbpoyo/opt/FriendlyARM/toolschain/4.4.3/bin/../arm-none-linux-gnueabi//sys-root/usr/lib/crtn.o] ==> obj [/home/kbpoyo/opt/FriendlyARM/toolschain/4.4.3/bin/../arm-none-linux-gnueabi//sys-root/usr/lib/crtn.o]
  collapse obj [/home/kbpoyo/opt/FriendlyARM/toolschain/4.4.3/bin/../arm-none-linux-gnueabi//sys-root/usr/lib/crt1.o] ==> [/home/kbpoyo/opt/FriendlyARM/toolschain/4.4.3/arm-none-linux-gnueabi/sys-root/usr/lib/crt1.o]
  collapse obj [/home/kbpoyo/opt/FriendlyARM/toolschain/4.4.3/bin/../arm-none-linux-gnueabi//sys-root/usr/lib/crti.o] ==> [/home/kbpoyo/opt/FriendlyARM/toolschain/4.4.3/arm-none-linux-gnueabi/sys-root/usr/lib/crti.o]
  collapse obj [/home/kbpoyo/opt/FriendlyARM/toolschain/4.4.3/bin/../lib/gcc/arm-none-linux-gnueabi/4.4.3/crtbegin.o] ==> [/home/kbpoyo/opt/FriendlyARM/toolschain/4.4.3/lib/gcc/arm-none-linux-gnueabi/4.4.3/crtbegin.o]
  collapse obj [/home/kbpoyo/opt/FriendlyARM/toolschain/4.4.3/bin/../lib/gcc/arm-none-linux-gnueabi/4.4.3/crtend.o] ==> [/home/kbpoyo/opt/FriendlyARM/toolschain/4.4.3/lib/gcc/arm-none-linux-gnueabi/4.4.3/crtend.o]
  collapse obj [/home/kbpoyo/opt/FriendlyARM/toolschain/4.4.3/bin/../arm-none-linux-gnueabi//sys-root/usr/lib/crtn.o] ==> [/home/kbpoyo/opt/FriendlyARM/toolschain/4.4.3/arm-none-linux-gnueabi/sys-root/usr/lib/crtn.o]
  collapse library dir [/home/kbpoyo/opt/FriendlyARM/toolschain/4.4.3/bin/../lib/gcc/arm-none-linux-gnueabi/4.4.3] ==> [/home/kbpoyo/opt/FriendlyARM/toolschain/4.4.3/lib/gcc/arm-none-linux-gnueabi/4.4.3]
  collapse library dir [/home/kbpoyo/opt/FriendlyARM/toolschain/4.4.3/bin/../lib/gcc] ==> [/home/kbpoyo/opt/FriendlyARM/toolschain/4.4.3/lib/gcc]
  collapse library dir [/home/kbpoyo/opt/FriendlyARM/toolschain/4.4.3/bin/../lib/gcc/arm-none-linux-gnueabi/4.4.3/../../../../arm-none-linux-gnueabi/lib] ==> [/home/kbpoyo/opt/FriendlyARM/toolschain/4.4.3/arm-none-linux-gnueabi/lib]
  collapse library dir [/home/kbpoyo/opt/FriendlyARM/toolschain/4.4.3/bin/../arm-none-linux-gnueabi//sys-root/lib] ==> [/home/kbpoyo/opt/FriendlyARM/toolschain/4.4.3/arm-none-linux-gnueabi/sys-root/lib]
  collapse library dir [/home/kbpoyo/opt/FriendlyARM/toolschain/4.4.3/bin/../arm-none-linux-gnueabi//sys-root/usr/lib] ==> [/home/kbpoyo/opt/FriendlyARM/toolschain/4.4.3/arm-none-linux-gnueabi/sys-root/usr/lib]
  implicit libs: [gcc;gcc_s;c;gcc;gcc_s]
  implicit objs: [/home/kbpoyo/opt/FriendlyARM/toolschain/4.4.3/arm-none-linux-gnueabi/sys-root/usr/lib/crt1.o;/home/kbpoyo/opt/FriendlyARM/toolschain/4.4.3/arm-none-linux-gnueabi/sys-root/usr/lib/crti.o;/home/kbpoyo/opt/FriendlyARM/toolschain/4.4.3/lib/gcc/arm-none-linux-gnueabi/4.4.3/crtbegin.o;/home/kbpoyo/opt/FriendlyARM/toolschain/4.4.3/lib/gcc/arm-none-linux-gnueabi/4.4.3/crtend.o;/home/kbpoyo/opt/FriendlyARM/toolschain/4.4.3/arm-none-linux-gnueabi/sys-root/usr/lib/crtn.o]
  implicit dirs: [/home/kbpoyo/opt/FriendlyARM/toolschain/4.4.3/lib/gcc/arm-none-linux-gnueabi/4.4.3;/home/kbpoyo/opt/FriendlyARM/toolschain/4.4.3/lib/gcc;/home/kbpoyo/opt/FriendlyARM/toolschain/4.4.3/arm-none-linux-gnueabi/lib;/home/kbpoyo/opt/FriendlyARM/toolschain/4.4.3/arm-none-linux-gnueabi/sys-root/lib;/home/kbpoyo/opt/FriendlyARM/toolschain/4.4.3/arm-none-linux-gnueabi/sys-root/usr/lib]
  implicit fwks: []


Checking whether the ASM compiler is GNU using "--version" matched "(GNU assembler)|(GCC)|(Free Software Foundation)":
.arm-none-linux-gnueabi-gcc (ctng-1.6.1) 4.4.3
Copyright (C) 2010 Free Software Foundation, Inc.
This is free software; see the source for copying conditions.  There is NO
warranty; not even for MERCHANTABILITY or FITNESS FOR A PARTICULAR PURPOSE.

